{"timestamp":"2026-02-26T20:17:15.777Z","blogSlug":"botched-final-play-between-luka-lebron-dooms-laker","threadId":"standalone","success":false,"error":"Compose textarea not found"}
{"timestamp":"2026-02-26T20:17:44.224Z","blogSlug":"hungary-s-orb-n-stakes-his-reelection-on-anti-ukra","threadId":"standalone","success":false,"error":"Post submission failed - textarea not cleared"}
{"timestamp":"2026-02-26T20:18:10.444Z","blogSlug":"lowe-s-earnings-beat-as-sales-jump-more-than-10-de","threadId":"standalone","success":false,"error":"Post submission failed - textarea not cleared"}
{"timestamp":"2026-02-26T20:18:37.781Z","blogSlug":"snow-again-weather-forecast-maps-for-boston-show-2","threadId":"standalone","success":false,"error":"Post submission failed - textarea not cleared"}
{"timestamp":"2026-02-26T20:19:04.601Z","blogSlug":"stock-futures-inch-higher-ahead-of-key-earnings-re","threadId":"standalone","success":false,"error":"Post submission failed - textarea not cleared"}
{"timestamp":"2026-02-26T20:19:10.107Z","blogSlug":"test-post","threadId":"standalone","success":false,"error":"page.waitForTimeout: Target page, context or browser has been closed"}
{"timestamp":"2026-02-26T20:19:13.114Z","blogSlug":"tump-bestows-purple-hearts-medals-of-honor-at-stat","threadId":"standalone","success":false,"error":"page.goto: Target page, context or browser has been closed"}
{"timestamp":"2026-02-26T20:19:16.118Z","blogSlug":"why-heart-disease-and-stroke-are-expected-to-rise-","threadId":"standalone","success":false,"error":"page.goto: Target page, context or browser has been closed"}
{"timestamp":"2026-02-27T10:58:47.552Z","blogSlug":"a-british-special-election-could-hardly-have-come-","threadId":"standalone","success":false,"error":"Compose textarea not found"}
{"timestamp":"2026-02-27T10:59:18.770Z","blogSlug":"alysa-liu-is-back-in-the-bay-area-here-s-what-her-","threadId":"standalone","success":false,"error":"Post submission failed - textarea not cleared"}
{"timestamp":"2026-02-27T10:59:44.467Z","blogSlug":"california-s-governor-race-has-a-clear-top-tier-po","threadId":"standalone","success":false,"error":"Post submission failed - textarea not cleared"}
{"timestamp":"2026-02-27T11:00:12.254Z","blogSlug":"celtics-vs-nuggets-prediction-odds-nba-picks-for-w","threadId":"standalone","success":false,"error":"Post submission failed - textarea not cleared"}
{"timestamp":"2026-02-27T11:00:38.616Z","blogSlug":"convergent-murj-flippase-inhibition-by-phage-lysis","threadId":"standalone","success":false,"error":"Post submission failed - textarea not cleared"}
{"timestamp":"2026-02-27T11:01:10.632Z","blogSlug":"devils-fans-welcome-jack-hughes-back-to-new-jersey","threadId":"standalone","success":false,"error":"Post submission failed - textarea not cleared"}
{"timestamp":"2026-02-27T11:01:37.907Z","blogSlug":"exclusive-rare-earth-shortages-worsen-in-us-aerosp","threadId":"standalone","success":false,"error":"Post submission failed - textarea not cleared"}
{"timestamp":"2026-02-27T11:02:05.119Z","blogSlug":"fbi-searches-los-angeles-school-district-headquart","threadId":"standalone","success":false,"error":"Post submission failed - textarea not cleared"}
{"timestamp":"2026-02-27T11:02:32.618Z","blogSlug":"floods-ravage-southeastern-brazil-and-kill-46-as-r","threadId":"standalone","success":false,"error":"Post submission failed - textarea not cleared"}
{"timestamp":"2026-02-27T11:02:39.975Z","blogSlug":"florida-uses-emergency-rule-to-cut-patients-off-ai","threadId":"standalone","success":false,"error":"Compose textarea not found"}
{"timestamp":"2026-02-27T11:03:15.347Z","blogSlug":"former-nebraska-sen-bob-kerrey-resigns-from-monoli","threadId":"standalone","success":false,"error":"Post submission failed - textarea not cleared"}
{"timestamp":"2026-02-27T11:03:41.316Z","blogSlug":"google-teases-amazing-things-in-android-17-9to5goo","threadId":"standalone","success":false,"error":"page.waitForTimeout: Target page, context or browser has been closed"}
{"timestamp":"2026-02-27T11:03:44.320Z","blogSlug":"hong-kong-court-jails-father-of-us-based-democracy","threadId":"standalone","success":false,"error":"page.goto: Target page, context or browser has been closed"}
{"timestamp":"2026-02-27T11:03:47.325Z","blogSlug":"horoscope-for-thursday-02-26-26-by-christopher-ren","threadId":"standalone","success":false,"error":"page.goto: Target page, context or browser has been closed"}
{"timestamp":"2026-02-27T11:03:50.329Z","blogSlug":"how-china-is-masking-drone-flights-in-potential-ta","threadId":"standalone","success":false,"error":"page.goto: Target page, context or browser has been closed"}
{"timestamp":"2026-02-27T11:03:53.334Z","blogSlug":"how-to-watch-the-scrubs-reboot-tonight-tv-channel-","threadId":"standalone","success":false,"error":"page.goto: Target page, context or browser has been closed"}
{"timestamp":"2026-02-27T11:03:56.338Z","blogSlug":"imf-urges-us-to-change-course-on-economic-policy-f","threadId":"standalone","success":false,"error":"page.goto: Target page, context or browser has been closed"}
{"timestamp":"2026-02-27T11:03:59.339Z","blogSlug":"iran-accuses-trump-of-big-lies-ahead-of-geneva-tal","threadId":"standalone","success":false,"error":"page.goto: Target page, context or browser has been closed"}
{"timestamp":"2026-02-27T11:04:02.344Z","blogSlug":"men-in-their-50s-may-be-aging-faster-due-to-toxic-","threadId":"standalone","success":false,"error":"page.goto: Target page, context or browser has been closed"}
{"timestamp":"2026-02-27T11:04:05.348Z","blogSlug":"north-korea-warns-it-could-destroy-south-if-threat","threadId":"standalone","success":false,"error":"page.goto: Target page, context or browser has been closed"}
{"timestamp":"2026-02-27T11:04:08.353Z","blogSlug":"ohio-state-s-ncaa-tournament-hopes-take-major-blow","threadId":"standalone","success":false,"error":"page.goto: Target page, context or browser has been closed"}
{"timestamp":"2026-02-27T11:04:11.357Z","blogSlug":"park-chan-wook-to-preside-over-79th-cannes-film-fe","threadId":"standalone","success":false,"error":"page.goto: Target page, context or browser has been closed"}
{"timestamp":"2026-02-27T11:04:14.361Z","blogSlug":"player-ratings-real-madrid-2-1-benfica-managing-ma","threadId":"standalone","success":false,"error":"page.goto: Target page, context or browser has been closed"}
{"timestamp":"2026-02-27T11:04:17.365Z","blogSlug":"protestors-gather-at-scream-7-premiere-after-melis","threadId":"standalone","success":false,"error":"page.goto: Target page, context or browser has been closed"}
{"timestamp":"2026-02-27T11:04:20.369Z","blogSlug":"raiders-want-two-first-round-picks-and-a-player-fo","threadId":"standalone","success":false,"error":"page.goto: Target page, context or browser has been closed"}
{"timestamp":"2026-02-27T11:04:23.374Z","blogSlug":"rainier-beach-high-school-confirms-active-tubercul","threadId":"standalone","success":false,"error":"page.goto: Target page, context or browser has been closed"}
{"timestamp":"2026-02-27T11:04:26.379Z","blogSlug":"stock-futures-slip-as-traders-mull-over-earnings-f","threadId":"standalone","success":false,"error":"page.goto: Target page, context or browser has been closed"}
{"timestamp":"2026-02-27T11:04:29.383Z","blogSlug":"survivor-50-premiere-recap-everything-you-didn-t-s","threadId":"standalone","success":false,"error":"page.goto: Target page, context or browser has been closed"}
{"timestamp":"2026-02-27T11:04:32.388Z","blogSlug":"the-clintons-are-in-the-hot-seat-and-lawmakers-are","threadId":"standalone","success":false,"error":"page.goto: Target page, context or browser has been closed"}
{"timestamp":"2026-02-27T11:04:35.391Z","blogSlug":"trump-administration-s-third-country-deportation-p","threadId":"standalone","success":false,"error":"page.goto: Target page, context or browser has been closed"}
{"timestamp":"2026-02-27T11:04:38.395Z","blogSlug":"trump-administration-to-withhold-259m-in-minnesota","threadId":"standalone","success":false,"error":"page.goto: Target page, context or browser has been closed"}
{"timestamp":"2026-02-27T11:04:41.399Z","blogSlug":"ufc-owners-respond-to-fighter-criticisms-over-zuff","threadId":"standalone","success":false,"error":"page.goto: Target page, context or browser has been closed"}
{"timestamp":"2026-02-27T11:04:44.403Z","blogSlug":"ukraine-is-losing-the-war-foreign-affairs","threadId":"standalone","success":false,"error":"page.goto: Target page, context or browser has been closed"}
{"timestamp":"2026-02-27T11:04:47.407Z","blogSlug":"unlock-the-full-potential-of-your-galaxy-s26-with-","threadId":"standalone","success":false,"error":"page.goto: Target page, context or browser has been closed"}
{"timestamp":"2026-02-27T11:04:50.411Z","blogSlug":"white-house-officials-believe-the-politics-are-a-l","threadId":"standalone","success":false,"error":"page.goto: Target page, context or browser has been closed"}
{"timestamp":"2026-02-27T11:04:53.415Z","blogSlug":"why-jeep-s-new-hurricane-four-turbo-engine-is-actu","threadId":"standalone","success":false,"error":"page.goto: Target page, context or browser has been closed"}
{"timestamp":"2026-02-27T11:04:56.419Z","blogSlug":"yankees-randal-grichuk-agree-to-minor-league-deal-","threadId":"standalone","success":false,"error":"page.goto: Target page, context or browser has been closed"}
{"timestamp":"2026-02-27T11:04:59.423Z","blogSlug":"abigail-spanberger-gave-democrats-response-to-trum","threadId":"standalone","success":false,"error":"page.goto: Target page, context or browser has been closed"}
{"timestamp":"2026-02-27T11:05:02.428Z","blogSlug":"asia-stocks-rise-with-japan-s-korea-at-record-high","threadId":"standalone","success":false,"error":"page.goto: Target page, context or browser has been closed"}
{"timestamp":"2026-02-27T11:05:05.429Z","blogSlug":"botched-final-play-between-luka-lebron-dooms-laker","threadId":"standalone","success":false,"error":"page.goto: Target page, context or browser has been closed"}
{"timestamp":"2026-02-27T11:05:08.434Z","blogSlug":"cavs-stifle-knicks-avoid-season-sweep-with-109-94-","threadId":"standalone","success":false,"error":"page.goto: Target page, context or browser has been closed"}
{"timestamp":"2026-02-27T11:05:11.436Z","blogSlug":"dozens-of-fbi-records-apparently-missing-from-epst","threadId":"standalone","success":false,"error":"page.goto: Target page, context or browser has been closed"}
{"timestamp":"2026-02-27T11:05:14.437Z","blogSlug":"hegseth-revives-push-to-punish-sen-mark-kelly-poli","threadId":"standalone","success":false,"error":"page.goto: Target page, context or browser has been closed"}
{"timestamp":"2026-02-27T11:05:17.438Z","blogSlug":"horoscope-for-wednesday-february-25-2026-chicago-s","threadId":"standalone","success":false,"error":"page.goto: Target page, context or browser has been closed"}
{"timestamp":"2026-02-27T11:05:20.440Z","blogSlug":"hungary-s-orb-n-stakes-his-reelection-on-anti-ukra","threadId":"standalone","success":false,"error":"page.goto: Target page, context or browser has been closed"}
{"timestamp":"2026-02-27T11:05:23.442Z","blogSlug":"judge-bars-justice-department-from-searching-throu","threadId":"standalone","success":false,"error":"page.goto: Target page, context or browser has been closed"}
{"timestamp":"2026-02-27T11:05:26.443Z","blogSlug":"lowe-s-earnings-beat-as-sales-jump-more-than-10-de","threadId":"standalone","success":false,"error":"page.goto: Target page, context or browser has been closed"}
{"timestamp":"2026-02-27T11:05:29.445Z","blogSlug":"nba-best-bets-knicks-cavaliers-spread-warriors-mon","threadId":"standalone","success":false,"error":"page.goto: Target page, context or browser has been closed"}
{"timestamp":"2026-02-27T11:05:32.446Z","blogSlug":"project-hail-mary-first-reactions-ryan-gosling-is-","threadId":"standalone","success":false,"error":"page.goto: Target page, context or browser has been closed"}
{"timestamp":"2026-02-27T11:05:35.448Z","blogSlug":"russia-opens-probe-of-telegram-chief-claiming-app-","threadId":"standalone","success":false,"error":"page.goto: Target page, context or browser has been closed"}
{"timestamp":"2026-02-27T11:05:38.452Z","blogSlug":"snow-again-weather-forecast-maps-for-boston-show-2","threadId":"standalone","success":false,"error":"page.goto: Target page, context or browser has been closed"}
{"timestamp":"2026-02-27T11:05:41.455Z","blogSlug":"stock-futures-inch-higher-ahead-of-key-earnings-re","threadId":"standalone","success":false,"error":"page.goto: Target page, context or browser has been closed"}
{"timestamp":"2026-02-27T11:05:44.456Z","blogSlug":"test-post","threadId":"standalone","success":false,"error":"page.goto: Target page, context or browser has been closed"}
{"timestamp":"2026-02-27T11:05:47.459Z","blogSlug":"trump-announces-new-retirement-plan-at-state-of-th","threadId":"standalone","success":false,"error":"page.goto: Target page, context or browser has been closed"}
{"timestamp":"2026-02-27T11:05:50.463Z","blogSlug":"tump-bestows-purple-hearts-medals-of-honor-at-stat","threadId":"standalone","success":false,"error":"page.goto: Target page, context or browser has been closed"}
{"timestamp":"2026-02-27T11:05:53.465Z","blogSlug":"two-qbs-primed-to-take-center-stage-in-nfl-free-ag","threadId":"standalone","success":false,"error":"page.goto: Target page, context or browser has been closed"}
{"timestamp":"2026-02-27T11:05:56.469Z","blogSlug":"why-heart-disease-and-stroke-are-expected-to-rise-","threadId":"standalone","success":false,"error":"page.goto: Target page, context or browser has been closed"}
